<?xml version="1.0" encoding="UTF-8"?>
<!-- Generated by org.testng.reporters.JUnitReportReporter -->
<testsuite hostname="DESKTOP-AOENI2B" failures="0" tests="1" name="com.dhimas.belajar.v2.PostTest13" time="34.490" errors="0" timestamp="2022-11-25T18:26:30 WIB" skipped="0">
  <testcase classname="com.dhimas.belajar.v2.PostTest13" name="posttest13" time="34.490"/>
  <system-out/>
</testsuite> <!-- com.dhimas.belajar.v2.PostTest13 -->
